[debug] [2025-05-20T19:16:44.608Z] ----------------------------------------------------------------------
[debug] [2025-05-20T19:16:44.612Z] Command:       /nix/store/rbdrkcs5kkwpalxcd7c6bnm33lk2955n-nodejs-20.19.0/bin/node /nix/store/x1y0l2xj62jgmz6csprhhqzibvdggdpk-firebase-tools-14.3.1/lib/node_modules/firebase-tools/lib/bin/firebase.js init hosting
[debug] [2025-05-20T19:16:44.614Z] CLI Version:   14.3.1
[debug] [2025-05-20T19:16:44.614Z] Platform:      linux
[debug] [2025-05-20T19:16:44.614Z] Node Version:  v20.19.0
[debug] [2025-05-20T19:16:44.614Z] Time:          Tue May 20 2025 19:16:44 GMT+0000 (Coordinated Universal Time)
[debug] [2025-05-20T19:16:44.615Z] ----------------------------------------------------------------------
[debug] 
[debug] [2025-05-20T19:16:44.625Z] > command requires scopes: ["email","openid","https://www.googleapis.com/auth/cloudplatformprojects.readonly","https://www.googleapis.com/auth/firebase","https://www.googleapis.com/auth/cloud-platform"]
[debug] [2025-05-20T19:16:44.625Z] > authorizing via signed-in user (timmerisaiuah@gmail.com)
[info] 
     ######## #### ########  ######## ########     ###     ######  ########
     ##        ##  ##     ## ##       ##     ##  ##   ##  ##       ##
     ######    ##  ########  ######   ########  #########  ######  ######
     ##        ##  ##    ##  ##       ##     ## ##     ##       ## ##
     ##       #### ##     ## ######## ########  ##     ##  ######  ########

You're about to initialize a Firebase project in this directory:

  /home/user/emulatorloz

[info] 
=== Project Setup
[info] 
[info] First, let's associate this project directory with a Firebase project.
[info] You can create multiple project aliases by running firebase use --add, 
[info] but for now we'll just set up a default project.
[info] 
